SF:/home/stefano/rep/refueljs/Refuel.js
DA:1,2
DA:2,1
DA:3,1
DA:5,1
DA:8,0
DA:11,1
DA:12,4
DA:14,3
DA:24,1
DA:25,14
DA:27,1
DA:28,13
DA:31,1
DA:32,32
DA:36,10
DA:38,20
DA:46,46
DA:51,1
DA:52,19
DA:53,19
DA:54,2
DA:60,1
DA:61,14
DA:62,14
DA:63,18
DA:64,9
DA:65,14
DA:66,14
DA:68,14
DA:70,30
DA:71,1
DA:72,2
DA:81,1
DA:82,8
DA:83,8
DA:84,2
DA:86,7
DA:87,7
DA:89,1
DA:90,0
DA:92,2
DA:94,7
DA:95,7
DA:96,7
DA:97,2
DA:102,1
DA:103,0
DA:106,1
DA:108,7
DA:109,2
DA:112,6
DA:113,2
DA:116,6
DA:117,12
DA:118,12
DA:119,7
DA:123,12
DA:124,4
DA:131,0
DA:135,1
DA:136,2
DA:139,2
DA:140,2
DA:141,2
DA:143,0
DA:144,0
DA:145,0
DA:146,0
DA:147,0
DA:148,0
DA:151,1
DA:152,0
DA:153,0
DA:154,0
DA:155,0
DA:156,0
DA:157,0
DA:160,2
DA:165,0
DA:166,0
DA:167,0
DA:168,0
DA:173,1
DA:174,1
DA:175,3
DA:176,2
DA:178,1
DA:179,2
DA:180,0
DA:181,0
end_of_record
SF:/home/stefano/rep/refueljs/Events.js
DA:18,2
DA:20,4
DA:21,4
DA:22,4
DA:23,11
DA:24,6
DA:26,8
DA:29,8
DA:30,8
DA:31,6
DA:32,12
DA:37,4
DA:38,18
DA:39,6
DA:41,15
DA:42,6
DA:44,23
DA:46,12
DA:47,8
DA:50,12
DA:54,24
DA:57,4
DA:58,15
DA:61,4
DA:62,15
DA:63,4
DA:66,2
DA:67,6
DA:68,4
DA:74,6
end_of_record
